<?xml version="1.0" encoding="UTF-8"?>
<!-- Generated by org.testng.reporters.JUnitReportReporter -->
<testsuite hostname="Anders" name="TestSuccessfulAuthorization" tests="1" failures="0" timestamp="7 Oct 2015 15:23:14 GMT" time="2.182" errors="0">
  <testcase name="correctLogin" time="2.182" classname="TestSuccessfulAuthorization"/>
</testsuite> <!-- TestSuccessfulAuthorization -->
