<?xml version="1.0" encoding="UTF-8"?>
<!-- Generated by org.testng.reporters.JUnitReportReporter -->
<testsuite hostname="Anders" name="TestFailedLogin" tests="3" failures="0" timestamp="7 Oct 2015 15:23:14 GMT" time="5.220" errors="0">
  <testcase name="loginWithEmptyFields" time="1.318" classname="TestFailedLogin"/>
  <testcase name="loginWithIncorrectEmail" time="2.610" classname="TestFailedLogin"/>
  <testcase name="loginWithIncorrectPassword" time="1.292" classname="TestFailedLogin"/>
</testsuite> <!-- TestFailedLogin -->
